<?xml version="1.0" encoding="UTF-8"?>
<testsuite xmlns:xsi="http://www.w3.org/2001/XMLSchema-instance" xsi:noNamespaceSchemaLocation="https://maven.apache.org/surefire/maven-surefire-plugin/xsd/surefire-test-report.xsd" version="3.0.2" name="com.cypcode.ledger_service.ApplicationTests" time="19.193" tests="1" errors="0" skipped="0" failures="0">
  <properties>
[...]
</properties>
  <testcase name="contextLoads" classname="com.cypcode.ledger_service.ApplicationTests" time="0.954">
    <system-out><![CDATA[20:42:48.509 [main] INFO org.springframework.test.context.support.AnnotationConfigContextLoaderUtils -- Could not detect default configuration classes for test class [com.cypcode.ledger_service.ApplicationTests]: ApplicationTests does not declare any static, non-private, non-final, nested classes annotated with @Configuration.
20:42:48.934 [main] INFO org.springframework.boot.test.context.SpringBootTestContextBootstrapper -- Found @SpringBootConfiguration com.cypcode.ledger_service.Application for test class com.cypcode.ledger_service.ApplicationTests
20:42:49.610 [main] INFO org.springframework.boot.devtools.restart.RestartApplicationListener -- Restart disabled due to context in which it is running

  .   ____          _            __ _ _
 /\\ / ___'_ __ _ _(_)_ __  __ _ \ \ \ \
( ( )\___ | '_ | '_| | '_ \/ _` | \ \ \ \
 \\/  ___)| |_)| | | | | || (_| |  ) ) ) )
  '  |____| .__|_| |_|_| |_\__, | / / / /
 =========|_|==============|___/=/_/_/_/

 :: Spring Boot ::                (v3.5.4)

2025-08-08T20:42:50.902+02:00  INFO 3860 --- [ledger-service] [           main] c.c.ledger_service.ApplicationTests      : Starting ApplicationTests using Java 22.0.1 with PID 3860 (started by nkululekog in /Users/nkululekog/Documents/Projects/Cypcode/Cypcode Studios/ledger-service)
2025-08-08T20:42:50.905+02:00  INFO 3860 --- [ledger-service] [           main] c.c.ledger_service.ApplicationTests      : No active profile set, falling back to 1 default profile: "default"
2025-08-08T20:42:54.371+02:00  INFO 3860 --- [ledger-service] [           main] .s.d.r.c.RepositoryConfigurationDelegate : Bootstrapping Spring Data JPA repositories in DEFAULT mode.
2025-08-08T20:42:54.527+02:00  INFO 3860 --- [ledger-service] [           main] .s.d.r.c.RepositoryConfigurationDelegate : Finished Spring Data repository scanning in 123 ms. Found 3 JPA repository interfaces.
2025-08-08T20:42:55.485+02:00  INFO 3860 --- [ledger-service] [           main] com.zaxxer.hikari.HikariDataSource       : HikariPool-1 - Starting...
2025-08-08T20:42:56.077+02:00  INFO 3860 --- [ledger-service] [           main] com.zaxxer.hikari.pool.HikariPool        : HikariPool-1 - Added connection conn0: url=jdbc:h2:mem:ledgerdb user=SA
2025-08-08T20:42:56.080+02:00  INFO 3860 --- [ledger-service] [           main] com.zaxxer.hikari.HikariDataSource       : HikariPool-1 - Start completed.
2025-08-08T20:42:56.252+02:00  INFO 3860 --- [ledger-service] [           main] liquibase.database                       : Set default schema name to PUBLIC
2025-08-08T20:42:57.343+02:00  INFO 3860 --- [ledger-service] [           main] liquibase.changelog                      : Creating database history table with name: PUBLIC.DATABASECHANGELOG
2025-08-08T20:42:57.594+02:00  INFO 3860 --- [ledger-service] [           main] liquibase.changelog                      : Reading from PUBLIC.DATABASECHANGELOG
2025-08-08T20:42:57.781+02:00  INFO 3860 --- [ledger-service] [           main] liquibase.lockservice                    : Successfully acquired change log lock
2025-08-08T20:42:57.782+02:00  INFO 3860 --- [ledger-service] [           main] liquibase.command                        : Using deploymentId: 4678577782
2025-08-08T20:42:57.787+02:00  INFO 3860 --- [ledger-service] [           main] liquibase.changelog                      : Reading from PUBLIC.DATABASECHANGELOG
2025-08-08T20:42:57.845+02:00  INFO 3860 --- [ledger-service] [           main] liquibase.ui                             : Running Changeset: db/changelog/init-db.xml::1::nkululekog
2025-08-08T20:42:57.877+02:00  INFO 3860 --- [ledger-service] [           main] liquibase.changelog                      : Table account created
2025-08-08T20:42:57.881+02:00  INFO 3860 --- [ledger-service] [           main] liquibase.changelog                      : ChangeSet db/changelog/init-db.xml::1::nkululekog ran successfully in 34ms
2025-08-08T20:42:57.910+02:00  INFO 3860 --- [ledger-service] [           main] liquibase.ui                             : Running Changeset: db/changelog/init-db.xml::2::nkululekog
2025-08-08T20:42:57.923+02:00  INFO 3860 --- [ledger-service] [           main] liquibase.changelog                      : Table ledger_entry created
2025-08-08T20:42:57.924+02:00  INFO 3860 --- [ledger-service] [           main] liquibase.changelog                      : ChangeSet db/changelog/init-db.xml::2::nkululekog ran successfully in 13ms
2025-08-08T20:42:57.931+02:00  INFO 3860 --- [ledger-service] [           main] liquibase.ui                             : Running Changeset: db/changelog/init-db.xml::3::nkululekog
2025-08-08T20:42:57.938+02:00  INFO 3860 --- [ledger-service] [           main] liquibase.changelog                      : Table account_type created
2025-08-08T20:42:57.939+02:00  INFO 3860 --- [ledger-service] [           main] liquibase.changelog                      : ChangeSet db/changelog/init-db.xml::3::nkululekog ran successfully in 7ms
2025-08-08T20:42:57.944+02:00  INFO 3860 --- [ledger-service] [           main] liquibase.ui                             : Running Changeset: db/changelog/reference-data-init.sql::raw::includeAll
2025-08-08T20:42:57.966+02:00  INFO 3860 --- [ledger-service] [           main] liquibase.changelog                      : Custom SQL executed
2025-08-08T20:42:57.967+02:00  INFO 3860 --- [ledger-service] [           main] liquibase.changelog                      : ChangeSet db/changelog/reference-data-init.sql::raw::includeAll ran successfully in 22ms
2025-08-08T20:42:57.984+02:00  INFO 3860 --- [ledger-service] [           main] liquibase.util                           : UPDATE SUMMARY
2025-08-08T20:42:57.988+02:00  INFO 3860 --- [ledger-service] [           main] liquibase.util                           : Run:                          4
2025-08-08T20:42:57.989+02:00  INFO 3860 --- [ledger-service] [           main] liquibase.util                           : Previously run:               0
2025-08-08T20:42:57.991+02:00  INFO 3860 --- [ledger-service] [           main] liquibase.util                           : Filtered out:                 0
2025-08-08T20:42:57.992+02:00  INFO 3860 --- [ledger-service] [           main] liquibase.util                           : -------------------------------
2025-08-08T20:42:57.992+02:00  INFO 3860 --- [ledger-service] [           main] liquibase.util                           : Total change sets:            4
2025-08-08T20:42:57.994+02:00  INFO 3860 --- [ledger-service] [           main] liquibase.util                           : Update summary generated
2025-08-08T20:42:58.000+02:00  INFO 3860 --- [ledger-service] [           main] liquibase.command                        : Update command completed successfully.
2025-08-08T20:42:58.001+02:00  INFO 3860 --- [ledger-service] [           main] liquibase.ui                             : Liquibase: Update has been successful. Rows affected: 5
2025-08-08T20:42:58.007+02:00  INFO 3860 --- [ledger-service] [           main] liquibase.lockservice                    : Successfully released change log lock
2025-08-08T20:42:58.008+02:00  INFO 3860 --- [ledger-service] [           main] liquibase.command                        : Command execution complete
2025-08-08T20:42:58.345+02:00  INFO 3860 --- [ledger-service] [           main] o.hibernate.jpa.internal.util.LogHelper  : HHH000204: Processing PersistenceUnitInfo [name: default]
2025-08-08T20:42:58.552+02:00  INFO 3860 --- [ledger-service] [           main] org.hibernate.Version                    : HHH000412: Hibernate ORM core version 6.6.22.Final
2025-08-08T20:42:58.682+02:00  INFO 3860 --- [ledger-service] [           main] o.h.c.internal.RegionFactoryInitiator    : HHH000026: Second-level cache disabled
2025-08-08T20:42:59.700+02:00  INFO 3860 --- [ledger-service] [           main] o.s.o.j.p.SpringPersistenceUnitInfo      : No LoadTimeWeaver setup: ignoring JPA class transformer
2025-08-08T20:42:59.993+02:00  INFO 3860 --- [ledger-service] [           main] org.hibernate.orm.connections.pooling    : HHH10001005: Database info:
	Database JDBC URL [Connecting through datasource 'HikariDataSource (HikariPool-1)']
	Database driver: undefined/unknown
	Database version: 2.3.232
	Autocommit mode: undefined/unknown
	Isolation level: undefined/unknown
	Minimum pool size: undefined/unknown
	Maximum pool size: undefined/unknown
2025-08-08T20:43:02.580+02:00  INFO 3860 --- [ledger-service] [           main] o.h.e.t.j.p.i.JtaPlatformInitiator       : HHH000489: No JTA platform available (set 'hibernate.transaction.jta.platform' to enable JTA platform integration)
2025-08-08T20:43:02.587+02:00  INFO 3860 --- [ledger-service] [           main] j.LocalContainerEntityManagerFactoryBean : Initialized JPA EntityManagerFactory for persistence unit 'default'
2025-08-08T20:43:04.155+02:00  WARN 3860 --- [ledger-service] [           main] JpaBaseConfiguration$JpaWebConfiguration : spring.jpa.open-in-view is enabled by default. Therefore, database queries may be performed during view rendering. Explicitly configure spring.jpa.open-in-view to disable this warning
2025-08-08T20:43:04.302+02:00  INFO 3860 --- [ledger-service] [           main] o.s.v.b.OptionalValidatorFactoryBean     : Failed to set up a Bean Validation provider: jakarta.validation.NoProviderFoundException: Unable to create a Configuration, because no Jakarta Bean Validation provider could be found. Add a provider like Hibernate Validator (RI) to your classpath.
2025-08-08T20:43:05.744+02:00  INFO 3860 --- [ledger-service] [           main] o.s.b.a.h2.H2ConsoleAutoConfiguration    : H2 console available at '/h2-console'. Database available at 'jdbc:h2:mem:ledgerdb'
2025-08-08T20:43:05.804+02:00  INFO 3860 --- [ledger-service] [           main] o.s.b.a.e.web.EndpointLinksResolver      : Exposing 1 endpoint beneath base path '/actuator'
2025-08-08T20:43:06.031+02:00  INFO 3860 --- [ledger-service] [           main] c.c.ledger_service.ApplicationTests      : Started ApplicationTests in 16.462 seconds (process running for 19.344)
]]></system-out>
    <system-err><![CDATA[Mockito is currently self-attaching to enable the inline-mock-maker. This will no longer work in future releases of the JDK. Please add Mockito as an agent to your build as described in Mockito's documentation: https://javadoc.io/doc/org.mockito/mockito-core/latest/org.mockito/org/mockito/Mockito.html#0.3
WARNING: A Java agent has been loaded dynamically (/Users/nkululekog/.m2/repository/net/bytebuddy/byte-buddy-agent/1.17.6/byte-buddy-agent-1.17.6.jar)
WARNING: If a serviceability tool is in use, please run with -XX:+EnableDynamicAgentLoading to hide this warning
WARNING: If a serviceability tool is not in use, please run with -Djdk.instrument.traceUsage for more information
WARNING: Dynamic loading of agents will be disallowed by default in a future release
]]></system-err>
  </testcase>
</testsuite>